<?xml version="1.0" encoding="UTF-8"?>
<!-- Generated by org.testng.reporters.JUnitReportReporter -->
<testsuite hostname="INPL-5CD42515VB" failures="0" tests="2" name="tests.AmazonTest" time="45.307" errors="0" timestamp="2025-09-23T15:35:51 IST" skipped="0">
  <testcase classname="tests.AmazonTest" name="testSearchFunctionality" time="20.256"/>
  <testcase classname="tests.AmazonTest" name="testAmazonLaptopSearch" time="25.051"/>
</testsuite> <!-- tests.AmazonTest -->
