<?xml version="1.0" encoding="UTF-8"?>
<!-- Generated by org.testng.reporters.JUnitReportReporter -->
<testsuite hostname="INPL-5CD42515VB" failures="0" tests="1" name="tests.WikipediaTest" time="5.729" errors="0" timestamp="2025-09-22T15:28:50 IST" skipped="0">
  <testcase classname="tests.WikipediaTest" name="testWikipediaNavigation" time="5.729"/>
</testsuite> <!-- tests.WikipediaTest -->
