<?xml version="1.0" encoding="UTF-8"?>
<!-- Generated by org.testng.reporters.JUnitReportReporter -->
<testsuite hostname="INPL-5CD42515VB" failures="0" tests="1" name="tests.LoginTest" time="10.458" errors="0" timestamp="2025-09-22T11:38:40 IST" skipped="0">
  <testcase classname="tests.LoginTest" name="testValidLogin" time="10.458"/>
</testsuite> <!-- tests.LoginTest -->
